[debug] [2022-10-20T02:36:14.597Z] ----------------------------------------------------------------------
[debug] [2022-10-20T02:36:14.598Z] Command:       C:\Program Files\nodejs\node.exe C:\Users\micam\AppData\Roaming\npm\node_modules\firebase-tools\lib\bin\firebase.js deploy
[debug] [2022-10-20T02:36:14.598Z] CLI Version:   11.14.4
[debug] [2022-10-20T02:36:14.598Z] Platform:      win32
[debug] [2022-10-20T02:36:14.598Z] Node Version:  v16.17.1
[debug] [2022-10-20T02:36:14.599Z] Time:          Wed Oct 19 2022 21:36:14 GMT-0500 (Central Daylight Time)
[debug] [2022-10-20T02:36:14.599Z] ----------------------------------------------------------------------
[debug] 
[debug] [2022-10-20T02:36:14.648Z] > command requires scopes: ["email","openid","https://www.googleapis.com/auth/cloudplatformprojects.readonly","https://www.googleapis.com/auth/firebase","https://www.googleapis.com/auth/cloud-platform"]
[debug] [2022-10-20T02:36:14.648Z] > authorizing via signed-in user (micaminodeprogramador@gmail.com)
[debug] [2022-10-20T02:36:14.648Z] [iam] checking project daystore-bcd8f for permissions ["cloudfunctions.functions.create","cloudfunctions.functions.delete","cloudfunctions.functions.get","cloudfunctions.functions.list","cloudfunctions.functions.update","cloudfunctions.operations.get","firebase.projects.get"]
[debug] [2022-10-20T02:36:14.650Z] >>> [apiv2][query] POST https://cloudresourcemanager.googleapis.com/v1/projects/daystore-bcd8f:testIamPermissions [none]
[debug] [2022-10-20T02:36:14.650Z] >>> [apiv2][(partial)header] POST https://cloudresourcemanager.googleapis.com/v1/projects/daystore-bcd8f:testIamPermissions x-goog-quota-user=projects/daystore-bcd8f
[debug] [2022-10-20T02:36:14.650Z] >>> [apiv2][body] POST https://cloudresourcemanager.googleapis.com/v1/projects/daystore-bcd8f:testIamPermissions {"permissions":["cloudfunctions.functions.create","cloudfunctions.functions.delete","cloudfunctions.functions.get","cloudfunctions.functions.list","cloudfunctions.functions.update","cloudfunctions.operations.get","firebase.projects.get"]}
[debug] [2022-10-20T02:36:16.117Z] <<< [apiv2][status] POST https://cloudresourcemanager.googleapis.com/v1/projects/daystore-bcd8f:testIamPermissions 200
[debug] [2022-10-20T02:36:16.118Z] <<< [apiv2][body] POST https://cloudresourcemanager.googleapis.com/v1/projects/daystore-bcd8f:testIamPermissions {"permissions":["cloudfunctions.functions.create","cloudfunctions.functions.delete","cloudfunctions.functions.get","cloudfunctions.functions.list","cloudfunctions.functions.update","cloudfunctions.operations.get","firebase.projects.get"]}
[debug] [2022-10-20T02:36:16.118Z] >>> [apiv2][query] POST https://iam.googleapis.com/v1/projects/daystore-bcd8f/serviceAccounts/daystore-bcd8f@appspot.gserviceaccount.com:testIamPermissions [none]
[debug] [2022-10-20T02:36:16.118Z] >>> [apiv2][body] POST https://iam.googleapis.com/v1/projects/daystore-bcd8f/serviceAccounts/daystore-bcd8f@appspot.gserviceaccount.com:testIamPermissions {"permissions":["iam.serviceAccounts.actAs"]}
[debug] [2022-10-20T02:36:16.462Z] <<< [apiv2][status] POST https://iam.googleapis.com/v1/projects/daystore-bcd8f/serviceAccounts/daystore-bcd8f@appspot.gserviceaccount.com:testIamPermissions 200
[debug] [2022-10-20T02:36:16.462Z] <<< [apiv2][body] POST https://iam.googleapis.com/v1/projects/daystore-bcd8f/serviceAccounts/daystore-bcd8f@appspot.gserviceaccount.com:testIamPermissions {"permissions":["iam.serviceAccounts.actAs"]}
[info] 
[info] === Deploying to 'daystore-bcd8f'...
[info] 
[info] i  deploying functions 
[debug] [2022-10-20T02:36:16.464Z] >>> [apiv2][query] GET https://firebase.googleapis.com/v1beta1/projects/daystore-bcd8f [none]
[debug] [2022-10-20T02:36:17.001Z] <<< [apiv2][status] GET https://firebase.googleapis.com/v1beta1/projects/daystore-bcd8f 200
[debug] [2022-10-20T02:36:17.002Z] <<< [apiv2][body] GET https://firebase.googleapis.com/v1beta1/projects/daystore-bcd8f {"projectId":"daystore-bcd8f","projectNumber":"701329001817","displayName":"DayStore","name":"projects/daystore-bcd8f","resources":{"hostingSite":"daystore-bcd8f","storageBucket":"daystore-bcd8f.appspot.com","locationId":"us-central"},"state":"ACTIVE","etag":"1_2ba83454-acef-4cb7-a68c-1caa964a73b0"}
[info] i  functions: ensuring required API cloudfunctions.googleapis.com is enabled... 
[info] i  functions: ensuring required API cloudbuild.googleapis.com is enabled... 
[info] i  artifactregistry: ensuring required API artifactregistry.googleapis.com is enabled... 
[debug] [2022-10-20T02:36:17.006Z] >>> [apiv2][query] GET https://serviceusage.googleapis.com/v1/projects/daystore-bcd8f/services/cloudfunctions.googleapis.com [none]
[debug] [2022-10-20T02:36:17.006Z] >>> [apiv2][(partial)header] GET https://serviceusage.googleapis.com/v1/projects/daystore-bcd8f/services/cloudfunctions.googleapis.com x-goog-quota-user=projects/daystore-bcd8f
[debug] [2022-10-20T02:36:17.007Z] >>> [apiv2][query] GET https://serviceusage.googleapis.com/v1/projects/daystore-bcd8f/services/runtimeconfig.googleapis.com [none]
[debug] [2022-10-20T02:36:17.007Z] >>> [apiv2][(partial)header] GET https://serviceusage.googleapis.com/v1/projects/daystore-bcd8f/services/runtimeconfig.googleapis.com x-goog-quota-user=projects/daystore-bcd8f
[debug] [2022-10-20T02:36:17.008Z] >>> [apiv2][query] GET https://serviceusage.googleapis.com/v1/projects/daystore-bcd8f/services/cloudbuild.googleapis.com [none]
[debug] [2022-10-20T02:36:17.008Z] >>> [apiv2][(partial)header] GET https://serviceusage.googleapis.com/v1/projects/daystore-bcd8f/services/cloudbuild.googleapis.com x-goog-quota-user=projects/daystore-bcd8f
[debug] [2022-10-20T02:36:17.009Z] >>> [apiv2][query] GET https://serviceusage.googleapis.com/v1/projects/daystore-bcd8f/services/artifactregistry.googleapis.com [none]
[debug] [2022-10-20T02:36:17.009Z] >>> [apiv2][(partial)header] GET https://serviceusage.googleapis.com/v1/projects/daystore-bcd8f/services/artifactregistry.googleapis.com x-goog-quota-user=projects/daystore-bcd8f
[debug] [2022-10-20T02:36:17.474Z] <<< [apiv2][status] GET https://serviceusage.googleapis.com/v1/projects/daystore-bcd8f/services/cloudbuild.googleapis.com 200
[debug] [2022-10-20T02:36:17.474Z] <<< [apiv2][body] GET https://serviceusage.googleapis.com/v1/projects/daystore-bcd8f/services/cloudbuild.googleapis.com [omitted]
[info] +  functions: required API cloudbuild.googleapis.com is enabled 
[debug] [2022-10-20T02:36:17.480Z] <<< [apiv2][status] GET https://serviceusage.googleapis.com/v1/projects/daystore-bcd8f/services/cloudfunctions.googleapis.com 200
[debug] [2022-10-20T02:36:17.480Z] <<< [apiv2][body] GET https://serviceusage.googleapis.com/v1/projects/daystore-bcd8f/services/cloudfunctions.googleapis.com [omitted]
[info] +  functions: required API cloudfunctions.googleapis.com is enabled 
[debug] [2022-10-20T02:36:17.497Z] <<< [apiv2][status] GET https://serviceusage.googleapis.com/v1/projects/daystore-bcd8f/services/runtimeconfig.googleapis.com 200
[debug] [2022-10-20T02:36:17.497Z] <<< [apiv2][body] GET https://serviceusage.googleapis.com/v1/projects/daystore-bcd8f/services/runtimeconfig.googleapis.com [omitted]
[debug] [2022-10-20T02:36:17.506Z] <<< [apiv2][status] GET https://serviceusage.googleapis.com/v1/projects/daystore-bcd8f/services/artifactregistry.googleapis.com 200
[debug] [2022-10-20T02:36:17.506Z] <<< [apiv2][body] GET https://serviceusage.googleapis.com/v1/projects/daystore-bcd8f/services/artifactregistry.googleapis.com [omitted]
[info] +  artifactregistry: required API artifactregistry.googleapis.com is enabled 
[debug] [2022-10-20T02:36:17.507Z] >>> [apiv2][query] GET https://firebase.googleapis.com/v1beta1/projects/daystore-bcd8f/adminSdkConfig [none]
[debug] [2022-10-20T02:36:18.252Z] <<< [apiv2][status] GET https://firebase.googleapis.com/v1beta1/projects/daystore-bcd8f/adminSdkConfig 200
[debug] [2022-10-20T02:36:18.252Z] <<< [apiv2][body] GET https://firebase.googleapis.com/v1beta1/projects/daystore-bcd8f/adminSdkConfig {"projectId":"daystore-bcd8f","storageBucket":"daystore-bcd8f.appspot.com","locationId":"us-central"}
[debug] [2022-10-20T02:36:18.253Z] >>> [apiv2][query] GET https://runtimeconfig.googleapis.com/v1beta1/projects/daystore-bcd8f/configs [none]
[debug] [2022-10-20T02:36:19.398Z] <<< [apiv2][status] GET https://runtimeconfig.googleapis.com/v1beta1/projects/daystore-bcd8f/configs 200
[debug] [2022-10-20T02:36:19.398Z] <<< [apiv2][body] GET https://runtimeconfig.googleapis.com/v1beta1/projects/daystore-bcd8f/configs {}
[info] i  functions: preparing codebase default for deployment 
[debug] [2022-10-20T02:36:19.401Z] Validating nodejs source
[debug] [2022-10-20T02:36:23.509Z] > [functions] package.json contents: {
  "name": "functions",
  "description": "Cloud Functions for Firebase",
  "scripts": {
    "lint": "eslint .",
    "serve": "firebase emulators:start --only functions",
    "shell": "firebase functions:shell",
    "start": "npm run shell",
    "deploy": "firebase deploy --only functions",
    "logs": "firebase functions:log"
  },
  "engines": {
    "node": "16"
  },
  "main": "index.js",
  "dependencies": {
    "firebase-admin": "^10.0.2",
    "firebase-functions": "^4.0.1"
  },
  "devDependencies": {
    "eslint": "^8.9.0",
    "eslint-config-google": "^0.14.0",
    "firebase-functions-test": "^0.2.0"
  },
  "private": true
}
[debug] [2022-10-20T02:36:23.510Z] Building nodejs source
[debug] [2022-10-20T02:36:23.511Z] Could not find functions.yaml. Must use http discovery
[debug] [2022-10-20T02:36:23.726Z] Serving at port 9005

[debug] [2022-10-20T02:36:23.952Z] Got response from /__/functions.yaml {"endpoints":{"app":{"platform":"gcfv1","availableMemoryMb":null,"timeoutSeconds":null,"minInstances":null,"maxInstances":null,"ingressSettings":null,"serviceAccountEmail":null,"vpc":null,"httpsTrigger":{},"entryPoint":"app"}},"specVersion":"v1alpha1","requiredAPIs":[]}
[debug] [2022-10-20T02:36:23.957Z] shutdown requested via /__/quitquitquit

[info] i  functions: preparing functions directory for uploading... 
[info] i  functions: packaged C:\Users\micam\OneDrive\Escritorio\Desk-2\Proyectos\Pruebas tecnicas\DayStore\DayStore\app\functions (78.41 KB) for uploading 
[debug] [2022-10-20T02:36:24.007Z] >>> [apiv2][query] GET https://cloudfunctions.googleapis.com/v1/projects/daystore-bcd8f/locations/-/functions [none]
[debug] [2022-10-20T02:36:25.736Z] <<< [apiv2][status] GET https://cloudfunctions.googleapis.com/v1/projects/daystore-bcd8f/locations/-/functions 200
[debug] [2022-10-20T02:36:25.736Z] <<< [apiv2][body] GET https://cloudfunctions.googleapis.com/v1/projects/daystore-bcd8f/locations/-/functions {"functions":[{"name":"projects/daystore-bcd8f/locations/us-central1/functions/app","httpsTrigger":{"url":"https://us-central1-daystore-bcd8f.cloudfunctions.net/app","securityLevel":"SECURE_ALWAYS"},"status":"OFFLINE","entryPoint":"app","timeout":"60s","availableMemoryMb":256,"serviceAccountEmail":"daystore-bcd8f@appspot.gserviceaccount.com","updateTime":"2022-10-20T02:26:39.119Z","versionId":"1","labels":{"deployment-tool":"cli-firebase","firebase-functions-hash":"b1e2f7033844a855e5934945813e09e4c26db028"},"sourceUploadUrl":"https://storage.googleapis.com/uploads-1058857980349.us-central1.cloudfunctions.appspot.com/02143d04-965e-4e13-8122-1054d9ab5f04.zip","environmentVariables":{"FIREBASE_CONFIG":"{\"projectId\":\"daystore-bcd8f\",\"storageBucket\":\"daystore-bcd8f.appspot.com\",\"locationId\":\"us-central\"}","GCLOUD_PROJECT":"daystore-bcd8f"},"runtime":"nodejs16","ingressSettings":"ALLOW_ALL","buildId":"8f6edc8a-b5e4-44f5-9aa2-01be14bda929","buildName":"projects/701329001817/locations/us-central1/builds/8f6edc8a-b5e4-44f5-9aa2-01be14bda929","dockerRegistry":"ARTIFACT_REGISTRY"}]}
[debug] [2022-10-20T02:36:25.739Z] >>> [apiv2][query] GET https://cloudfunctions.googleapis.com/v2/projects/daystore-bcd8f/locations/-/functions filter=environment%3D%22GEN_2%22
[debug] [2022-10-20T02:36:27.193Z] <<< [apiv2][status] GET https://cloudfunctions.googleapis.com/v2/projects/daystore-bcd8f/locations/-/functions 200
[debug] [2022-10-20T02:36:27.194Z] <<< [apiv2][body] GET https://cloudfunctions.googleapis.com/v2/projects/daystore-bcd8f/locations/-/functions {}
[debug] [2022-10-20T02:36:27.204Z] >>> [apiv2][query] GET https://firebase.googleapis.com/v1beta1/projects/daystore-bcd8f [none]
[debug] [2022-10-20T02:36:27.496Z] <<< [apiv2][status] GET https://firebase.googleapis.com/v1beta1/projects/daystore-bcd8f 200
[debug] [2022-10-20T02:36:27.497Z] <<< [apiv2][body] GET https://firebase.googleapis.com/v1beta1/projects/daystore-bcd8f {"projectId":"daystore-bcd8f","projectNumber":"701329001817","displayName":"DayStore","name":"projects/daystore-bcd8f","resources":{"hostingSite":"daystore-bcd8f","storageBucket":"daystore-bcd8f.appspot.com","locationId":"us-central"},"state":"ACTIVE","etag":"1_2ba83454-acef-4cb7-a68c-1caa964a73b0"}
[debug] [2022-10-20T02:36:27.500Z] >>> [apiv2][query] POST https://cloudfunctions.googleapis.com/v1/projects/daystore-bcd8f/locations/us-central1/functions:generateUploadUrl [none]
[debug] [2022-10-20T02:36:27.500Z] >>> [apiv2][body] POST https://cloudfunctions.googleapis.com/v1/projects/daystore-bcd8f/locations/us-central1/functions:generateUploadUrl {}
[debug] [2022-10-20T02:36:28.050Z] <<< [apiv2][status] POST https://cloudfunctions.googleapis.com/v1/projects/daystore-bcd8f/locations/us-central1/functions:generateUploadUrl 200
[debug] [2022-10-20T02:36:28.050Z] <<< [apiv2][body] POST https://cloudfunctions.googleapis.com/v1/projects/daystore-bcd8f/locations/us-central1/functions:generateUploadUrl {"uploadUrl":"https://storage.googleapis.com/uploads-1058857980349.us-central1.cloudfunctions.appspot.com/0fecf8ec-da39-447c-b297-d69c1ef87817.zip?GoogleAccessId=service-701329001817@gcf-admin-robot.iam.gserviceaccount.com&Expires=1666235189&Signature=Iut5YQQtj3NR9kQNEhCzeyh1004BJGed1AJvX8UTDxkADKiOoPA9JXXqopxfGPpcsH14e1lAeBBKdmrFGk6N01GeIO3J9B6g59C7EZzL35cdCC19Jcm%2BBnLr%2FqtAvCRVtoXdP9RYLiLfrT3E7TW%2FwC5NovPitYpdkHI9GHLiEdsJOUU2SD2A%2BJ15E19qAqzrobgHFHKulSuDwpv0ObzaVTbJvKSU6VtlxO8J2ijZ1061ylGFJCsDcfMiVhCuhH%2Fziwzmb81ol8BVpsZEejV1usjW0Pl%2FVKRBYNz%2Fv1rEp2FR17OCFzPnEbvshFR%2Bnx%2BrHoo1kei6qVEzcMnYVn4Oug%3D%3D"}
[debug] [2022-10-20T02:36:28.051Z] >>> [apiv2][query] PUT https://storage.googleapis.com/uploads-1058857980349.us-central1.cloudfunctions.appspot.com/0fecf8ec-da39-447c-b297-d69c1ef87817.zip GoogleAccessId=service-701329001817%40gcf-admin-robot.iam.gserviceaccount.com&Expires=1666235189&Signature=Iut5YQQtj3NR9kQNEhCzeyh1004BJGed1AJvX8UTDxkADKiOoPA9JXXqopxfGPpcsH14e1lAeBBKdmrFGk6N01GeIO3J9B6g59C7EZzL35cdCC19Jcm%2BBnLr%2FqtAvCRVtoXdP9RYLiLfrT3E7TW%2FwC5NovPitYpdkHI9GHLiEdsJOUU2SD2A%2BJ15E19qAqzrobgHFHKulSuDwpv0ObzaVTbJvKSU6VtlxO8J2ijZ1061ylGFJCsDcfMiVhCuhH%2Fziwzmb81ol8BVpsZEejV1usjW0Pl%2FVKRBYNz%2Fv1rEp2FR17OCFzPnEbvshFR%2Bnx%2BrHoo1kei6qVEzcMnYVn4Oug%3D%3D
[debug] [2022-10-20T02:36:28.051Z] >>> [apiv2][body] PUT https://storage.googleapis.com/uploads-1058857980349.us-central1.cloudfunctions.appspot.com/0fecf8ec-da39-447c-b297-d69c1ef87817.zip [stream]
[debug] [2022-10-20T02:36:28.626Z] <<< [apiv2][status] PUT https://storage.googleapis.com/uploads-1058857980349.us-central1.cloudfunctions.appspot.com/0fecf8ec-da39-447c-b297-d69c1ef87817.zip 200
[debug] [2022-10-20T02:36:28.626Z] <<< [apiv2][body] PUT https://storage.googleapis.com/uploads-1058857980349.us-central1.cloudfunctions.appspot.com/0fecf8ec-da39-447c-b297-d69c1ef87817.zip [omitted]
[info] +  functions: functions folder uploaded successfully 
[info] i  functions: updating Node.js 16 function app(us-central1)... 
[debug] [2022-10-20T02:36:28.635Z] >>> [apiv2][query] PATCH https://cloudfunctions.googleapis.com/v1/projects/daystore-bcd8f/locations/us-central1/functions/app updateMask=name%2CsourceUploadUrl%2CentryPoint%2Cruntime%2CdockerRegistry%2Clabels%2ChttpsTrigger.securityLevel%2CminInstances%2CmaxInstances%2CingressSettings%2CenvironmentVariables%2CserviceAccountEmail%2CavailableMemoryMb%2Ctimeout%2CvpcConnector%2CvpcConnectorEgressSettings%2CsourceToken
[debug] [2022-10-20T02:36:28.636Z] >>> [apiv2][body] PATCH https://cloudfunctions.googleapis.com/v1/projects/daystore-bcd8f/locations/us-central1/functions/app {"name":"projects/daystore-bcd8f/locations/us-central1/functions/app","sourceUploadUrl":"https://storage.googleapis.com/uploads-1058857980349.us-central1.cloudfunctions.appspot.com/0fecf8ec-da39-447c-b297-d69c1ef87817.zip?GoogleAccessId=service-701329001817@gcf-admin-robot.iam.gserviceaccount.com&Expires=1666235189&Signature=Iut5YQQtj3NR9kQNEhCzeyh1004BJGed1AJvX8UTDxkADKiOoPA9JXXqopxfGPpcsH14e1lAeBBKdmrFGk6N01GeIO3J9B6g59C7EZzL35cdCC19Jcm%2BBnLr%2FqtAvCRVtoXdP9RYLiLfrT3E7TW%2FwC5NovPitYpdkHI9GHLiEdsJOUU2SD2A%2BJ15E19qAqzrobgHFHKulSuDwpv0ObzaVTbJvKSU6VtlxO8J2ijZ1061ylGFJCsDcfMiVhCuhH%2Fziwzmb81ol8BVpsZEejV1usjW0Pl%2FVKRBYNz%2Fv1rEp2FR17OCFzPnEbvshFR%2Bnx%2BrHoo1kei6qVEzcMnYVn4Oug%3D%3D","entryPoint":"app","runtime":"nodejs16","dockerRegistry":"ARTIFACT_REGISTRY","labels":{"deployment-tool":"cli-firebase","firebase-functions-hash":"3ffdd91f3b28c4e7e61ac3f40c54a7c1b7d07840"},"httpsTrigger":{"securityLevel":"SECURE_ALWAYS"},"minInstances":null,"maxInstances":null,"ingressSettings":null,"environmentVariables":{"FIREBASE_CONFIG":"{\"projectId\":\"daystore-bcd8f\",\"storageBucket\":\"daystore-bcd8f.appspot.com\",\"locationId\":\"us-central\"}","GCLOUD_PROJECT":"daystore-bcd8f"},"serviceAccountEmail":null,"availableMemoryMb":null,"timeout":null,"vpcConnector":null,"vpcConnectorEgressSettings":null}
[debug] [2022-10-20T02:36:29.306Z] <<< [apiv2][status] PATCH https://cloudfunctions.googleapis.com/v1/projects/daystore-bcd8f/locations/us-central1/functions/app 200
[debug] [2022-10-20T02:36:29.307Z] <<< [apiv2][body] PATCH https://cloudfunctions.googleapis.com/v1/projects/daystore-bcd8f/locations/us-central1/functions/app {"name":"operations/ZGF5c3RvcmUtYmNkOGYvdXMtY2VudHJhbDEvYXBwL0JBbGw5RTRmUzk4","metadata":{"@type":"type.googleapis.com/google.cloud.functions.v1.OperationMetadataV1","target":"projects/daystore-bcd8f/locations/us-central1/functions/app","type":"UPDATE_FUNCTION","request":{"@type":"type.googleapis.com/google.cloud.functions.v1.CloudFunction","name":"projects/daystore-bcd8f/locations/us-central1/functions/app","httpsTrigger":{"url":"https://us-central1-daystore-bcd8f.cloudfunctions.net/app","securityLevel":"SECURE_ALWAYS"},"status":"OFFLINE","entryPoint":"app","updateTime":"2022-10-20T02:26:39.119Z","versionId":"1","labels":{"deployment-tool":"cli-firebase","firebase-functions-hash":"3ffdd91f3b28c4e7e61ac3f40c54a7c1b7d07840"},"sourceUploadUrl":"https://storage.googleapis.com/uploads-1058857980349.us-central1.cloudfunctions.appspot.com/0fecf8ec-da39-447c-b297-d69c1ef87817.zip?GoogleAccessId=service-701329001817@gcf-admin-robot.iam.gserviceaccount.com&Expires=1666235189&Signature=Iut5YQQtj3NR9kQNEhCzeyh1004BJGed1AJvX8UTDxkADKiOoPA9JXXqopxfGPpcsH14e1lAeBBKdmrFGk6N01GeIO3J9B6g59C7EZzL35cdCC19Jcm%2BBnLr%2FqtAvCRVtoXdP9RYLiLfrT3E7TW%2FwC5NovPitYpdkHI9GHLiEdsJOUU2SD2A%2BJ15E19qAqzrobgHFHKulSuDwpv0ObzaVTbJvKSU6VtlxO8J2ijZ1061ylGFJCsDcfMiVhCuhH%2Fziwzmb81ol8BVpsZEejV1usjW0Pl%2FVKRBYNz%2Fv1rEp2FR17OCFzPnEbvshFR%2Bnx%2BrHoo1kei6qVEzcMnYVn4Oug%3D%3D","environmentVariables":{"FIREBASE_CONFIG":"{\"projectId\":\"daystore-bcd8f\",\"storageBucket\":\"daystore-bcd8f.appspot.com\",\"locationId\":\"us-central\"}","GCLOUD_PROJECT":"daystore-bcd8f"},"runtime":"nodejs16","buildId":"8f6edc8a-b5e4-44f5-9aa2-01be14bda929","buildName":"projects/701329001817/locations/us-central1/builds/8f6edc8a-b5e4-44f5-9aa2-01be14bda929","dockerRegistry":"ARTIFACT_REGISTRY"},"versionId":"2","updateTime":"2022-10-20T02:36:30Z"}}
[debug] [2022-10-20T02:36:29.308Z] >>> [apiv2][query] GET https://cloudfunctions.googleapis.com/v1/operations/ZGF5c3RvcmUtYmNkOGYvdXMtY2VudHJhbDEvYXBwL0JBbGw5RTRmUzk4 [none]
[debug] [2022-10-20T02:36:29.618Z] <<< [apiv2][status] GET https://cloudfunctions.googleapis.com/v1/operations/ZGF5c3RvcmUtYmNkOGYvdXMtY2VudHJhbDEvYXBwL0JBbGw5RTRmUzk4 200
[debug] [2022-10-20T02:36:29.618Z] <<< [apiv2][body] GET https://cloudfunctions.googleapis.com/v1/operations/ZGF5c3RvcmUtYmNkOGYvdXMtY2VudHJhbDEvYXBwL0JBbGw5RTRmUzk4 {"name":"operations/ZGF5c3RvcmUtYmNkOGYvdXMtY2VudHJhbDEvYXBwL0JBbGw5RTRmUzk4","metadata":{"@type":"type.googleapis.com/google.cloud.functions.v1.OperationMetadataV1","target":"projects/daystore-bcd8f/locations/us-central1/functions/app","type":"UPDATE_FUNCTION","request":{"@type":"type.googleapis.com/google.cloud.functions.v1.CloudFunction","name":"projects/daystore-bcd8f/locations/us-central1/functions/app","httpsTrigger":{"url":"https://us-central1-daystore-bcd8f.cloudfunctions.net/app","securityLevel":"SECURE_ALWAYS"},"status":"OFFLINE","entryPoint":"app","updateTime":"2022-10-20T02:26:39.119Z","versionId":"1","labels":{"deployment-tool":"cli-firebase","firebase-functions-hash":"3ffdd91f3b28c4e7e61ac3f40c54a7c1b7d07840"},"sourceUploadUrl":"https://storage.googleapis.com/uploads-1058857980349.us-central1.cloudfunctions.appspot.com/0fecf8ec-da39-447c-b297-d69c1ef87817.zip?GoogleAccessId=service-701329001817@gcf-admin-robot.iam.gserviceaccount.com&Expires=1666235189&Signature=Iut5YQQtj3NR9kQNEhCzeyh1004BJGed1AJvX8UTDxkADKiOoPA9JXXqopxfGPpcsH14e1lAeBBKdmrFGk6N01GeIO3J9B6g59C7EZzL35cdCC19Jcm%2BBnLr%2FqtAvCRVtoXdP9RYLiLfrT3E7TW%2FwC5NovPitYpdkHI9GHLiEdsJOUU2SD2A%2BJ15E19qAqzrobgHFHKulSuDwpv0ObzaVTbJvKSU6VtlxO8J2ijZ1061ylGFJCsDcfMiVhCuhH%2Fziwzmb81ol8BVpsZEejV1usjW0Pl%2FVKRBYNz%2Fv1rEp2FR17OCFzPnEbvshFR%2Bnx%2BrHoo1kei6qVEzcMnYVn4Oug%3D%3D","environmentVariables":{"FIREBASE_CONFIG":"{\"projectId\":\"daystore-bcd8f\",\"storageBucket\":\"daystore-bcd8f.appspot.com\",\"locationId\":\"us-central\"}","GCLOUD_PROJECT":"daystore-bcd8f"},"runtime":"nodejs16","buildId":"8f6edc8a-b5e4-44f5-9aa2-01be14bda929","buildName":"projects/701329001817/locations/us-central1/builds/8f6edc8a-b5e4-44f5-9aa2-01be14bda929","dockerRegistry":"ARTIFACT_REGISTRY"},"versionId":"2","updateTime":"2022-10-20T02:36:30Z"}}
[debug] [2022-10-20T02:36:30.127Z] [update-default-us-central1-app] Retrying task index 0
[debug] [2022-10-20T02:36:30.127Z] >>> [apiv2][query] GET https://cloudfunctions.googleapis.com/v1/operations/ZGF5c3RvcmUtYmNkOGYvdXMtY2VudHJhbDEvYXBwL0JBbGw5RTRmUzk4 [none]
[debug] [2022-10-20T02:36:31.815Z] <<< [apiv2][status] GET https://cloudfunctions.googleapis.com/v1/operations/ZGF5c3RvcmUtYmNkOGYvdXMtY2VudHJhbDEvYXBwL0JBbGw5RTRmUzk4 200
[debug] [2022-10-20T02:36:31.815Z] <<< [apiv2][body] GET https://cloudfunctions.googleapis.com/v1/operations/ZGF5c3RvcmUtYmNkOGYvdXMtY2VudHJhbDEvYXBwL0JBbGw5RTRmUzk4 {"name":"operations/ZGF5c3RvcmUtYmNkOGYvdXMtY2VudHJhbDEvYXBwL0JBbGw5RTRmUzk4","metadata":{"@type":"type.googleapis.com/google.cloud.functions.v1.OperationMetadataV1","target":"projects/daystore-bcd8f/locations/us-central1/functions/app","type":"UPDATE_FUNCTION","request":{"@type":"type.googleapis.com/google.cloud.functions.v1.CloudFunction","name":"projects/daystore-bcd8f/locations/us-central1/functions/app","httpsTrigger":{"url":"https://us-central1-daystore-bcd8f.cloudfunctions.net/app","securityLevel":"SECURE_ALWAYS"},"status":"OFFLINE","entryPoint":"app","updateTime":"2022-10-20T02:26:39.119Z","versionId":"1","labels":{"deployment-tool":"cli-firebase","firebase-functions-hash":"3ffdd91f3b28c4e7e61ac3f40c54a7c1b7d07840"},"sourceUploadUrl":"https://storage.googleapis.com/uploads-1058857980349.us-central1.cloudfunctions.appspot.com/0fecf8ec-da39-447c-b297-d69c1ef87817.zip?GoogleAccessId=service-701329001817@gcf-admin-robot.iam.gserviceaccount.com&Expires=1666235189&Signature=Iut5YQQtj3NR9kQNEhCzeyh1004BJGed1AJvX8UTDxkADKiOoPA9JXXqopxfGPpcsH14e1lAeBBKdmrFGk6N01GeIO3J9B6g59C7EZzL35cdCC19Jcm%2BBnLr%2FqtAvCRVtoXdP9RYLiLfrT3E7TW%2FwC5NovPitYpdkHI9GHLiEdsJOUU2SD2A%2BJ15E19qAqzrobgHFHKulSuDwpv0ObzaVTbJvKSU6VtlxO8J2ijZ1061ylGFJCsDcfMiVhCuhH%2Fziwzmb81ol8BVpsZEejV1usjW0Pl%2FVKRBYNz%2Fv1rEp2FR17OCFzPnEbvshFR%2Bnx%2BrHoo1kei6qVEzcMnYVn4Oug%3D%3D","environmentVariables":{"FIREBASE_CONFIG":"{\"projectId\":\"daystore-bcd8f\",\"storageBucket\":\"daystore-bcd8f.appspot.com\",\"locationId\":\"us-central\"}","GCLOUD_PROJECT":"daystore-bcd8f"},"runtime":"nodejs16","buildId":"8f6edc8a-b5e4-44f5-9aa2-01be14bda929","buildName":"projects/701329001817/locations/us-central1/builds/8f6edc8a-b5e4-44f5-9aa2-01be14bda929","dockerRegistry":"ARTIFACT_REGISTRY"},"versionId":"2","updateTime":"2022-10-20T02:36:30Z","buildId":"bcb55ecf-0465-40ce-ab80-c47b83dd2f28","buildName":"projects/701329001817/locations/us-central1/builds/bcb55ecf-0465-40ce-ab80-c47b83dd2f28"}}
[debug] [2022-10-20T02:36:32.817Z] [update-default-us-central1-app] Retrying task index 0
[debug] [2022-10-20T02:36:32.818Z] >>> [apiv2][query] GET https://cloudfunctions.googleapis.com/v1/operations/ZGF5c3RvcmUtYmNkOGYvdXMtY2VudHJhbDEvYXBwL0JBbGw5RTRmUzk4 [none]
[debug] [2022-10-20T02:36:33.147Z] <<< [apiv2][status] GET https://cloudfunctions.googleapis.com/v1/operations/ZGF5c3RvcmUtYmNkOGYvdXMtY2VudHJhbDEvYXBwL0JBbGw5RTRmUzk4 200
[debug] [2022-10-20T02:36:33.147Z] <<< [apiv2][body] GET https://cloudfunctions.googleapis.com/v1/operations/ZGF5c3RvcmUtYmNkOGYvdXMtY2VudHJhbDEvYXBwL0JBbGw5RTRmUzk4 {"name":"operations/ZGF5c3RvcmUtYmNkOGYvdXMtY2VudHJhbDEvYXBwL0JBbGw5RTRmUzk4","metadata":{"@type":"type.googleapis.com/google.cloud.functions.v1.OperationMetadataV1","target":"projects/daystore-bcd8f/locations/us-central1/functions/app","type":"UPDATE_FUNCTION","request":{"@type":"type.googleapis.com/google.cloud.functions.v1.CloudFunction","name":"projects/daystore-bcd8f/locations/us-central1/functions/app","httpsTrigger":{"url":"https://us-central1-daystore-bcd8f.cloudfunctions.net/app","securityLevel":"SECURE_ALWAYS"},"status":"OFFLINE","entryPoint":"app","updateTime":"2022-10-20T02:26:39.119Z","versionId":"1","labels":{"deployment-tool":"cli-firebase","firebase-functions-hash":"3ffdd91f3b28c4e7e61ac3f40c54a7c1b7d07840"},"sourceUploadUrl":"https://storage.googleapis.com/uploads-1058857980349.us-central1.cloudfunctions.appspot.com/0fecf8ec-da39-447c-b297-d69c1ef87817.zip?GoogleAccessId=service-701329001817@gcf-admin-robot.iam.gserviceaccount.com&Expires=1666235189&Signature=Iut5YQQtj3NR9kQNEhCzeyh1004BJGed1AJvX8UTDxkADKiOoPA9JXXqopxfGPpcsH14e1lAeBBKdmrFGk6N01GeIO3J9B6g59C7EZzL35cdCC19Jcm%2BBnLr%2FqtAvCRVtoXdP9RYLiLfrT3E7TW%2FwC5NovPitYpdkHI9GHLiEdsJOUU2SD2A%2BJ15E19qAqzrobgHFHKulSuDwpv0ObzaVTbJvKSU6VtlxO8J2ijZ1061ylGFJCsDcfMiVhCuhH%2Fziwzmb81ol8BVpsZEejV1usjW0Pl%2FVKRBYNz%2Fv1rEp2FR17OCFzPnEbvshFR%2Bnx%2BrHoo1kei6qVEzcMnYVn4Oug%3D%3D","environmentVariables":{"FIREBASE_CONFIG":"{\"projectId\":\"daystore-bcd8f\",\"storageBucket\":\"daystore-bcd8f.appspot.com\",\"locationId\":\"us-central\"}","GCLOUD_PROJECT":"daystore-bcd8f"},"runtime":"nodejs16","buildId":"8f6edc8a-b5e4-44f5-9aa2-01be14bda929","buildName":"projects/701329001817/locations/us-central1/builds/8f6edc8a-b5e4-44f5-9aa2-01be14bda929","dockerRegistry":"ARTIFACT_REGISTRY"},"versionId":"2","updateTime":"2022-10-20T02:36:30Z","buildId":"bcb55ecf-0465-40ce-ab80-c47b83dd2f28","buildName":"projects/701329001817/locations/us-central1/builds/bcb55ecf-0465-40ce-ab80-c47b83dd2f28"}}
[debug] [2022-10-20T02:36:35.155Z] [update-default-us-central1-app] Retrying task index 0
[debug] [2022-10-20T02:36:35.156Z] >>> [apiv2][query] GET https://cloudfunctions.googleapis.com/v1/operations/ZGF5c3RvcmUtYmNkOGYvdXMtY2VudHJhbDEvYXBwL0JBbGw5RTRmUzk4 [none]
[debug] [2022-10-20T02:36:35.632Z] <<< [apiv2][status] GET https://cloudfunctions.googleapis.com/v1/operations/ZGF5c3RvcmUtYmNkOGYvdXMtY2VudHJhbDEvYXBwL0JBbGw5RTRmUzk4 200
[debug] [2022-10-20T02:36:35.632Z] <<< [apiv2][body] GET https://cloudfunctions.googleapis.com/v1/operations/ZGF5c3RvcmUtYmNkOGYvdXMtY2VudHJhbDEvYXBwL0JBbGw5RTRmUzk4 {"name":"operations/ZGF5c3RvcmUtYmNkOGYvdXMtY2VudHJhbDEvYXBwL0JBbGw5RTRmUzk4","metadata":{"@type":"type.googleapis.com/google.cloud.functions.v1.OperationMetadataV1","target":"projects/daystore-bcd8f/locations/us-central1/functions/app","type":"UPDATE_FUNCTION","request":{"@type":"type.googleapis.com/google.cloud.functions.v1.CloudFunction","name":"projects/daystore-bcd8f/locations/us-central1/functions/app","httpsTrigger":{"url":"https://us-central1-daystore-bcd8f.cloudfunctions.net/app","securityLevel":"SECURE_ALWAYS"},"status":"OFFLINE","entryPoint":"app","updateTime":"2022-10-20T02:26:39.119Z","versionId":"1","labels":{"deployment-tool":"cli-firebase","firebase-functions-hash":"3ffdd91f3b28c4e7e61ac3f40c54a7c1b7d07840"},"sourceUploadUrl":"https://storage.googleapis.com/uploads-1058857980349.us-central1.cloudfunctions.appspot.com/0fecf8ec-da39-447c-b297-d69c1ef87817.zip?GoogleAccessId=service-701329001817@gcf-admin-robot.iam.gserviceaccount.com&Expires=1666235189&Signature=Iut5YQQtj3NR9kQNEhCzeyh1004BJGed1AJvX8UTDxkADKiOoPA9JXXqopxfGPpcsH14e1lAeBBKdmrFGk6N01GeIO3J9B6g59C7EZzL35cdCC19Jcm%2BBnLr%2FqtAvCRVtoXdP9RYLiLfrT3E7TW%2FwC5NovPitYpdkHI9GHLiEdsJOUU2SD2A%2BJ15E19qAqzrobgHFHKulSuDwpv0ObzaVTbJvKSU6VtlxO8J2ijZ1061ylGFJCsDcfMiVhCuhH%2Fziwzmb81ol8BVpsZEejV1usjW0Pl%2FVKRBYNz%2Fv1rEp2FR17OCFzPnEbvshFR%2Bnx%2BrHoo1kei6qVEzcMnYVn4Oug%3D%3D","environmentVariables":{"FIREBASE_CONFIG":"{\"projectId\":\"daystore-bcd8f\",\"storageBucket\":\"daystore-bcd8f.appspot.com\",\"locationId\":\"us-central\"}","GCLOUD_PROJECT":"daystore-bcd8f"},"runtime":"nodejs16","buildId":"8f6edc8a-b5e4-44f5-9aa2-01be14bda929","buildName":"projects/701329001817/locations/us-central1/builds/8f6edc8a-b5e4-44f5-9aa2-01be14bda929","dockerRegistry":"ARTIFACT_REGISTRY"},"versionId":"2","updateTime":"2022-10-20T02:36:30Z","buildId":"bcb55ecf-0465-40ce-ab80-c47b83dd2f28","buildName":"projects/701329001817/locations/us-central1/builds/bcb55ecf-0465-40ce-ab80-c47b83dd2f28"}}
[debug] [2022-10-20T02:36:39.646Z] [update-default-us-central1-app] Retrying task index 0
[debug] [2022-10-20T02:36:39.646Z] >>> [apiv2][query] GET https://cloudfunctions.googleapis.com/v1/operations/ZGF5c3RvcmUtYmNkOGYvdXMtY2VudHJhbDEvYXBwL0JBbGw5RTRmUzk4 [none]
[debug] [2022-10-20T02:36:40.137Z] <<< [apiv2][status] GET https://cloudfunctions.googleapis.com/v1/operations/ZGF5c3RvcmUtYmNkOGYvdXMtY2VudHJhbDEvYXBwL0JBbGw5RTRmUzk4 200
[debug] [2022-10-20T02:36:40.137Z] <<< [apiv2][body] GET https://cloudfunctions.googleapis.com/v1/operations/ZGF5c3RvcmUtYmNkOGYvdXMtY2VudHJhbDEvYXBwL0JBbGw5RTRmUzk4 {"name":"operations/ZGF5c3RvcmUtYmNkOGYvdXMtY2VudHJhbDEvYXBwL0JBbGw5RTRmUzk4","metadata":{"@type":"type.googleapis.com/google.cloud.functions.v1.OperationMetadataV1","target":"projects/daystore-bcd8f/locations/us-central1/functions/app","type":"UPDATE_FUNCTION","request":{"@type":"type.googleapis.com/google.cloud.functions.v1.CloudFunction","name":"projects/daystore-bcd8f/locations/us-central1/functions/app","httpsTrigger":{"url":"https://us-central1-daystore-bcd8f.cloudfunctions.net/app","securityLevel":"SECURE_ALWAYS"},"status":"OFFLINE","entryPoint":"app","updateTime":"2022-10-20T02:26:39.119Z","versionId":"1","labels":{"deployment-tool":"cli-firebase","firebase-functions-hash":"3ffdd91f3b28c4e7e61ac3f40c54a7c1b7d07840"},"sourceUploadUrl":"https://storage.googleapis.com/uploads-1058857980349.us-central1.cloudfunctions.appspot.com/0fecf8ec-da39-447c-b297-d69c1ef87817.zip?GoogleAccessId=service-701329001817@gcf-admin-robot.iam.gserviceaccount.com&Expires=1666235189&Signature=Iut5YQQtj3NR9kQNEhCzeyh1004BJGed1AJvX8UTDxkADKiOoPA9JXXqopxfGPpcsH14e1lAeBBKdmrFGk6N01GeIO3J9B6g59C7EZzL35cdCC19Jcm%2BBnLr%2FqtAvCRVtoXdP9RYLiLfrT3E7TW%2FwC5NovPitYpdkHI9GHLiEdsJOUU2SD2A%2BJ15E19qAqzrobgHFHKulSuDwpv0ObzaVTbJvKSU6VtlxO8J2ijZ1061ylGFJCsDcfMiVhCuhH%2Fziwzmb81ol8BVpsZEejV1usjW0Pl%2FVKRBYNz%2Fv1rEp2FR17OCFzPnEbvshFR%2Bnx%2BrHoo1kei6qVEzcMnYVn4Oug%3D%3D","environmentVariables":{"FIREBASE_CONFIG":"{\"projectId\":\"daystore-bcd8f\",\"storageBucket\":\"daystore-bcd8f.appspot.com\",\"locationId\":\"us-central\"}","GCLOUD_PROJECT":"daystore-bcd8f"},"runtime":"nodejs16","buildId":"8f6edc8a-b5e4-44f5-9aa2-01be14bda929","buildName":"projects/701329001817/locations/us-central1/builds/8f6edc8a-b5e4-44f5-9aa2-01be14bda929","dockerRegistry":"ARTIFACT_REGISTRY"},"versionId":"2","updateTime":"2022-10-20T02:36:30Z","buildId":"bcb55ecf-0465-40ce-ab80-c47b83dd2f28","buildName":"projects/701329001817/locations/us-central1/builds/bcb55ecf-0465-40ce-ab80-c47b83dd2f28"}}
[debug] [2022-10-20T02:36:48.145Z] [update-default-us-central1-app] Retrying task index 0
[debug] [2022-10-20T02:36:48.146Z] >>> [apiv2][query] GET https://cloudfunctions.googleapis.com/v1/operations/ZGF5c3RvcmUtYmNkOGYvdXMtY2VudHJhbDEvYXBwL0JBbGw5RTRmUzk4 [none]
[debug] [2022-10-20T02:36:48.475Z] <<< [apiv2][status] GET https://cloudfunctions.googleapis.com/v1/operations/ZGF5c3RvcmUtYmNkOGYvdXMtY2VudHJhbDEvYXBwL0JBbGw5RTRmUzk4 200
[debug] [2022-10-20T02:36:48.476Z] <<< [apiv2][body] GET https://cloudfunctions.googleapis.com/v1/operations/ZGF5c3RvcmUtYmNkOGYvdXMtY2VudHJhbDEvYXBwL0JBbGw5RTRmUzk4 {"name":"operations/ZGF5c3RvcmUtYmNkOGYvdXMtY2VudHJhbDEvYXBwL0JBbGw5RTRmUzk4","metadata":{"@type":"type.googleapis.com/google.cloud.functions.v1.OperationMetadataV1","target":"projects/daystore-bcd8f/locations/us-central1/functions/app","type":"UPDATE_FUNCTION","request":{"@type":"type.googleapis.com/google.cloud.functions.v1.CloudFunction","name":"projects/daystore-bcd8f/locations/us-central1/functions/app","httpsTrigger":{"url":"https://us-central1-daystore-bcd8f.cloudfunctions.net/app","securityLevel":"SECURE_ALWAYS"},"status":"OFFLINE","entryPoint":"app","updateTime":"2022-10-20T02:26:39.119Z","versionId":"1","labels":{"deployment-tool":"cli-firebase","firebase-functions-hash":"3ffdd91f3b28c4e7e61ac3f40c54a7c1b7d07840"},"sourceUploadUrl":"https://storage.googleapis.com/uploads-1058857980349.us-central1.cloudfunctions.appspot.com/0fecf8ec-da39-447c-b297-d69c1ef87817.zip?GoogleAccessId=service-701329001817@gcf-admin-robot.iam.gserviceaccount.com&Expires=1666235189&Signature=Iut5YQQtj3NR9kQNEhCzeyh1004BJGed1AJvX8UTDxkADKiOoPA9JXXqopxfGPpcsH14e1lAeBBKdmrFGk6N01GeIO3J9B6g59C7EZzL35cdCC19Jcm%2BBnLr%2FqtAvCRVtoXdP9RYLiLfrT3E7TW%2FwC5NovPitYpdkHI9GHLiEdsJOUU2SD2A%2BJ15E19qAqzrobgHFHKulSuDwpv0ObzaVTbJvKSU6VtlxO8J2ijZ1061ylGFJCsDcfMiVhCuhH%2Fziwzmb81ol8BVpsZEejV1usjW0Pl%2FVKRBYNz%2Fv1rEp2FR17OCFzPnEbvshFR%2Bnx%2BrHoo1kei6qVEzcMnYVn4Oug%3D%3D","environmentVariables":{"FIREBASE_CONFIG":"{\"projectId\":\"daystore-bcd8f\",\"storageBucket\":\"daystore-bcd8f.appspot.com\",\"locationId\":\"us-central\"}","GCLOUD_PROJECT":"daystore-bcd8f"},"runtime":"nodejs16","buildId":"8f6edc8a-b5e4-44f5-9aa2-01be14bda929","buildName":"projects/701329001817/locations/us-central1/builds/8f6edc8a-b5e4-44f5-9aa2-01be14bda929","dockerRegistry":"ARTIFACT_REGISTRY"},"versionId":"2","updateTime":"2022-10-20T02:36:30Z","buildId":"bcb55ecf-0465-40ce-ab80-c47b83dd2f28","buildName":"projects/701329001817/locations/us-central1/builds/bcb55ecf-0465-40ce-ab80-c47b83dd2f28"}}
[debug] [2022-10-20T02:36:58.485Z] [update-default-us-central1-app] Retrying task index 0
[debug] [2022-10-20T02:36:58.486Z] >>> [apiv2][query] GET https://cloudfunctions.googleapis.com/v1/operations/ZGF5c3RvcmUtYmNkOGYvdXMtY2VudHJhbDEvYXBwL0JBbGw5RTRmUzk4 [none]
[debug] [2022-10-20T02:36:58.734Z] <<< [apiv2][status] GET https://cloudfunctions.googleapis.com/v1/operations/ZGF5c3RvcmUtYmNkOGYvdXMtY2VudHJhbDEvYXBwL0JBbGw5RTRmUzk4 200
[debug] [2022-10-20T02:36:58.734Z] <<< [apiv2][body] GET https://cloudfunctions.googleapis.com/v1/operations/ZGF5c3RvcmUtYmNkOGYvdXMtY2VudHJhbDEvYXBwL0JBbGw5RTRmUzk4 {"name":"operations/ZGF5c3RvcmUtYmNkOGYvdXMtY2VudHJhbDEvYXBwL0JBbGw5RTRmUzk4","metadata":{"@type":"type.googleapis.com/google.cloud.functions.v1.OperationMetadataV1","target":"projects/daystore-bcd8f/locations/us-central1/functions/app","type":"UPDATE_FUNCTION","request":{"@type":"type.googleapis.com/google.cloud.functions.v1.CloudFunction","name":"projects/daystore-bcd8f/locations/us-central1/functions/app","httpsTrigger":{"url":"https://us-central1-daystore-bcd8f.cloudfunctions.net/app","securityLevel":"SECURE_ALWAYS"},"status":"OFFLINE","entryPoint":"app","updateTime":"2022-10-20T02:26:39.119Z","versionId":"1","labels":{"deployment-tool":"cli-firebase","firebase-functions-hash":"3ffdd91f3b28c4e7e61ac3f40c54a7c1b7d07840"},"sourceUploadUrl":"https://storage.googleapis.com/uploads-1058857980349.us-central1.cloudfunctions.appspot.com/0fecf8ec-da39-447c-b297-d69c1ef87817.zip?GoogleAccessId=service-701329001817@gcf-admin-robot.iam.gserviceaccount.com&Expires=1666235189&Signature=Iut5YQQtj3NR9kQNEhCzeyh1004BJGed1AJvX8UTDxkADKiOoPA9JXXqopxfGPpcsH14e1lAeBBKdmrFGk6N01GeIO3J9B6g59C7EZzL35cdCC19Jcm%2BBnLr%2FqtAvCRVtoXdP9RYLiLfrT3E7TW%2FwC5NovPitYpdkHI9GHLiEdsJOUU2SD2A%2BJ15E19qAqzrobgHFHKulSuDwpv0ObzaVTbJvKSU6VtlxO8J2ijZ1061ylGFJCsDcfMiVhCuhH%2Fziwzmb81ol8BVpsZEejV1usjW0Pl%2FVKRBYNz%2Fv1rEp2FR17OCFzPnEbvshFR%2Bnx%2BrHoo1kei6qVEzcMnYVn4Oug%3D%3D","environmentVariables":{"FIREBASE_CONFIG":"{\"projectId\":\"daystore-bcd8f\",\"storageBucket\":\"daystore-bcd8f.appspot.com\",\"locationId\":\"us-central\"}","GCLOUD_PROJECT":"daystore-bcd8f"},"runtime":"nodejs16","buildId":"8f6edc8a-b5e4-44f5-9aa2-01be14bda929","buildName":"projects/701329001817/locations/us-central1/builds/8f6edc8a-b5e4-44f5-9aa2-01be14bda929","dockerRegistry":"ARTIFACT_REGISTRY"},"versionId":"2","updateTime":"2022-10-20T02:36:30Z","buildId":"bcb55ecf-0465-40ce-ab80-c47b83dd2f28","buildName":"projects/701329001817/locations/us-central1/builds/bcb55ecf-0465-40ce-ab80-c47b83dd2f28"}}
[debug] [2022-10-20T02:37:08.748Z] [update-default-us-central1-app] Retrying task index 0
[debug] [2022-10-20T02:37:08.748Z] >>> [apiv2][query] GET https://cloudfunctions.googleapis.com/v1/operations/ZGF5c3RvcmUtYmNkOGYvdXMtY2VudHJhbDEvYXBwL0JBbGw5RTRmUzk4 [none]
[debug] [2022-10-20T02:37:09.207Z] <<< [apiv2][status] GET https://cloudfunctions.googleapis.com/v1/operations/ZGF5c3RvcmUtYmNkOGYvdXMtY2VudHJhbDEvYXBwL0JBbGw5RTRmUzk4 200
[debug] [2022-10-20T02:37:09.207Z] <<< [apiv2][body] GET https://cloudfunctions.googleapis.com/v1/operations/ZGF5c3RvcmUtYmNkOGYvdXMtY2VudHJhbDEvYXBwL0JBbGw5RTRmUzk4 {"name":"operations/ZGF5c3RvcmUtYmNkOGYvdXMtY2VudHJhbDEvYXBwL0JBbGw5RTRmUzk4","metadata":{"@type":"type.googleapis.com/google.cloud.functions.v1.OperationMetadataV1","target":"projects/daystore-bcd8f/locations/us-central1/functions/app","type":"UPDATE_FUNCTION","request":{"@type":"type.googleapis.com/google.cloud.functions.v1.CloudFunction","name":"projects/daystore-bcd8f/locations/us-central1/functions/app","httpsTrigger":{"url":"https://us-central1-daystore-bcd8f.cloudfunctions.net/app","securityLevel":"SECURE_ALWAYS"},"status":"OFFLINE","entryPoint":"app","updateTime":"2022-10-20T02:26:39.119Z","versionId":"1","labels":{"deployment-tool":"cli-firebase","firebase-functions-hash":"3ffdd91f3b28c4e7e61ac3f40c54a7c1b7d07840"},"sourceUploadUrl":"https://storage.googleapis.com/uploads-1058857980349.us-central1.cloudfunctions.appspot.com/0fecf8ec-da39-447c-b297-d69c1ef87817.zip?GoogleAccessId=service-701329001817@gcf-admin-robot.iam.gserviceaccount.com&Expires=1666235189&Signature=Iut5YQQtj3NR9kQNEhCzeyh1004BJGed1AJvX8UTDxkADKiOoPA9JXXqopxfGPpcsH14e1lAeBBKdmrFGk6N01GeIO3J9B6g59C7EZzL35cdCC19Jcm%2BBnLr%2FqtAvCRVtoXdP9RYLiLfrT3E7TW%2FwC5NovPitYpdkHI9GHLiEdsJOUU2SD2A%2BJ15E19qAqzrobgHFHKulSuDwpv0ObzaVTbJvKSU6VtlxO8J2ijZ1061ylGFJCsDcfMiVhCuhH%2Fziwzmb81ol8BVpsZEejV1usjW0Pl%2FVKRBYNz%2Fv1rEp2FR17OCFzPnEbvshFR%2Bnx%2BrHoo1kei6qVEzcMnYVn4Oug%3D%3D","environmentVariables":{"FIREBASE_CONFIG":"{\"projectId\":\"daystore-bcd8f\",\"storageBucket\":\"daystore-bcd8f.appspot.com\",\"locationId\":\"us-central\"}","GCLOUD_PROJECT":"daystore-bcd8f"},"runtime":"nodejs16","buildId":"8f6edc8a-b5e4-44f5-9aa2-01be14bda929","buildName":"projects/701329001817/locations/us-central1/builds/8f6edc8a-b5e4-44f5-9aa2-01be14bda929","dockerRegistry":"ARTIFACT_REGISTRY"},"versionId":"2","updateTime":"2022-10-20T02:36:30Z","buildId":"bcb55ecf-0465-40ce-ab80-c47b83dd2f28","buildName":"projects/701329001817/locations/us-central1/builds/bcb55ecf-0465-40ce-ab80-c47b83dd2f28"}}
[debug] [2022-10-20T02:37:19.228Z] [update-default-us-central1-app] Retrying task index 0
[debug] [2022-10-20T02:37:19.229Z] >>> [apiv2][query] GET https://cloudfunctions.googleapis.com/v1/operations/ZGF5c3RvcmUtYmNkOGYvdXMtY2VudHJhbDEvYXBwL0JBbGw5RTRmUzk4 [none]
[debug] [2022-10-20T02:37:19.798Z] <<< [apiv2][status] GET https://cloudfunctions.googleapis.com/v1/operations/ZGF5c3RvcmUtYmNkOGYvdXMtY2VudHJhbDEvYXBwL0JBbGw5RTRmUzk4 200
[debug] [2022-10-20T02:37:19.799Z] <<< [apiv2][body] GET https://cloudfunctions.googleapis.com/v1/operations/ZGF5c3RvcmUtYmNkOGYvdXMtY2VudHJhbDEvYXBwL0JBbGw5RTRmUzk4 {"name":"operations/ZGF5c3RvcmUtYmNkOGYvdXMtY2VudHJhbDEvYXBwL0JBbGw5RTRmUzk4","metadata":{"@type":"type.googleapis.com/google.cloud.functions.v1.OperationMetadataV1","target":"projects/daystore-bcd8f/locations/us-central1/functions/app","type":"UPDATE_FUNCTION","request":{"@type":"type.googleapis.com/google.cloud.functions.v1.CloudFunction","name":"projects/daystore-bcd8f/locations/us-central1/functions/app","httpsTrigger":{"url":"https://us-central1-daystore-bcd8f.cloudfunctions.net/app","securityLevel":"SECURE_ALWAYS"},"status":"OFFLINE","entryPoint":"app","updateTime":"2022-10-20T02:26:39.119Z","versionId":"1","labels":{"deployment-tool":"cli-firebase","firebase-functions-hash":"3ffdd91f3b28c4e7e61ac3f40c54a7c1b7d07840"},"sourceUploadUrl":"https://storage.googleapis.com/uploads-1058857980349.us-central1.cloudfunctions.appspot.com/0fecf8ec-da39-447c-b297-d69c1ef87817.zip?GoogleAccessId=service-701329001817@gcf-admin-robot.iam.gserviceaccount.com&Expires=1666235189&Signature=Iut5YQQtj3NR9kQNEhCzeyh1004BJGed1AJvX8UTDxkADKiOoPA9JXXqopxfGPpcsH14e1lAeBBKdmrFGk6N01GeIO3J9B6g59C7EZzL35cdCC19Jcm%2BBnLr%2FqtAvCRVtoXdP9RYLiLfrT3E7TW%2FwC5NovPitYpdkHI9GHLiEdsJOUU2SD2A%2BJ15E19qAqzrobgHFHKulSuDwpv0ObzaVTbJvKSU6VtlxO8J2ijZ1061ylGFJCsDcfMiVhCuhH%2Fziwzmb81ol8BVpsZEejV1usjW0Pl%2FVKRBYNz%2Fv1rEp2FR17OCFzPnEbvshFR%2Bnx%2BrHoo1kei6qVEzcMnYVn4Oug%3D%3D","environmentVariables":{"FIREBASE_CONFIG":"{\"projectId\":\"daystore-bcd8f\",\"storageBucket\":\"daystore-bcd8f.appspot.com\",\"locationId\":\"us-central\"}","GCLOUD_PROJECT":"daystore-bcd8f"},"runtime":"nodejs16","buildId":"8f6edc8a-b5e4-44f5-9aa2-01be14bda929","buildName":"projects/701329001817/locations/us-central1/builds/8f6edc8a-b5e4-44f5-9aa2-01be14bda929","dockerRegistry":"ARTIFACT_REGISTRY"},"versionId":"2","updateTime":"2022-10-20T02:36:30Z","buildId":"bcb55ecf-0465-40ce-ab80-c47b83dd2f28","sourceToken":"e8d4ea22-9896-4338-ae99-93c1206de1fe","buildName":"projects/701329001817/locations/us-central1/builds/bcb55ecf-0465-40ce-ab80-c47b83dd2f28"}}
[debug] [2022-10-20T02:37:19.799Z] Got source token e8d4ea22-9896-4338-ae99-93c1206de1fe for region us-central1
[debug] [2022-10-20T02:37:29.813Z] [update-default-us-central1-app] Retrying task index 0
[debug] [2022-10-20T02:37:29.813Z] >>> [apiv2][query] GET https://cloudfunctions.googleapis.com/v1/operations/ZGF5c3RvcmUtYmNkOGYvdXMtY2VudHJhbDEvYXBwL0JBbGw5RTRmUzk4 [none]
[debug] [2022-10-20T02:37:30.029Z] <<< [apiv2][status] GET https://cloudfunctions.googleapis.com/v1/operations/ZGF5c3RvcmUtYmNkOGYvdXMtY2VudHJhbDEvYXBwL0JBbGw5RTRmUzk4 200
[debug] [2022-10-20T02:37:30.029Z] <<< [apiv2][body] GET https://cloudfunctions.googleapis.com/v1/operations/ZGF5c3RvcmUtYmNkOGYvdXMtY2VudHJhbDEvYXBwL0JBbGw5RTRmUzk4 {"name":"operations/ZGF5c3RvcmUtYmNkOGYvdXMtY2VudHJhbDEvYXBwL0JBbGw5RTRmUzk4","metadata":{"@type":"type.googleapis.com/google.cloud.functions.v1.OperationMetadataV1","target":"projects/daystore-bcd8f/locations/us-central1/functions/app","type":"UPDATE_FUNCTION","request":{"@type":"type.googleapis.com/google.cloud.functions.v1.CloudFunction","name":"projects/daystore-bcd8f/locations/us-central1/functions/app","httpsTrigger":{"url":"https://us-central1-daystore-bcd8f.cloudfunctions.net/app","securityLevel":"SECURE_ALWAYS"},"status":"OFFLINE","entryPoint":"app","updateTime":"2022-10-20T02:26:39.119Z","versionId":"1","labels":{"deployment-tool":"cli-firebase","firebase-functions-hash":"3ffdd91f3b28c4e7e61ac3f40c54a7c1b7d07840"},"sourceUploadUrl":"https://storage.googleapis.com/uploads-1058857980349.us-central1.cloudfunctions.appspot.com/0fecf8ec-da39-447c-b297-d69c1ef87817.zip?GoogleAccessId=service-701329001817@gcf-admin-robot.iam.gserviceaccount.com&Expires=1666235189&Signature=Iut5YQQtj3NR9kQNEhCzeyh1004BJGed1AJvX8UTDxkADKiOoPA9JXXqopxfGPpcsH14e1lAeBBKdmrFGk6N01GeIO3J9B6g59C7EZzL35cdCC19Jcm%2BBnLr%2FqtAvCRVtoXdP9RYLiLfrT3E7TW%2FwC5NovPitYpdkHI9GHLiEdsJOUU2SD2A%2BJ15E19qAqzrobgHFHKulSuDwpv0ObzaVTbJvKSU6VtlxO8J2ijZ1061ylGFJCsDcfMiVhCuhH%2Fziwzmb81ol8BVpsZEejV1usjW0Pl%2FVKRBYNz%2Fv1rEp2FR17OCFzPnEbvshFR%2Bnx%2BrHoo1kei6qVEzcMnYVn4Oug%3D%3D","environmentVariables":{"FIREBASE_CONFIG":"{\"projectId\":\"daystore-bcd8f\",\"storageBucket\":\"daystore-bcd8f.appspot.com\",\"locationId\":\"us-central\"}","GCLOUD_PROJECT":"daystore-bcd8f"},"runtime":"nodejs16","buildId":"8f6edc8a-b5e4-44f5-9aa2-01be14bda929","buildName":"projects/701329001817/locations/us-central1/builds/8f6edc8a-b5e4-44f5-9aa2-01be14bda929","dockerRegistry":"ARTIFACT_REGISTRY"},"versionId":"2","updateTime":"2022-10-20T02:37:29Z","buildId":"bcb55ecf-0465-40ce-ab80-c47b83dd2f28","sourceToken":"e8d4ea22-9896-4338-ae99-93c1206de1fe","buildName":"projects/701329001817/locations/us-central1/builds/bcb55ecf-0465-40ce-ab80-c47b83dd2f28"},"done":true,"error":{"code":3,"message":"Function failed on loading user code. This is likely due to a bug in the user code. Error message: Error: please examine your function logs to see the error cause: https://cloud.google.com/functions/docs/monitoring/logging#viewing_logs. Additional troubleshooting documentation can be found at https://cloud.google.com/functions/docs/troubleshooting#logging. Please visit https://cloud.google.com/functions/docs/troubleshooting for in-depth troubleshooting documentation."}}
[debug] [2022-10-20T02:37:30.029Z] Got source token e8d4ea22-9896-4338-ae99-93c1206de1fe for region us-central1
[error] Function failed on loading user code. This is likely due to a bug in the user code. Error message: Error: please examine your function logs to see the error cause: https://cloud.google.com/functions/docs/monitoring/logging#viewing_logs. Additional troubleshooting documentation can be found at https://cloud.google.com/functions/docs/troubleshooting#logging. Please visit https://cloud.google.com/functions/docs/troubleshooting for in-depth troubleshooting documentation.
[debug] [2022-10-20T02:37:30.039Z] Total Function Deployment time: 61392
[debug] [2022-10-20T02:37:30.039Z] 1 Functions Deployed
[debug] [2022-10-20T02:37:30.039Z] 1 Functions Errored
[debug] [2022-10-20T02:37:30.039Z] 0 Function Deployments Aborted
[debug] [2022-10-20T02:37:30.039Z] Average Function Deployment time: 61390
[info] 
[info] Functions deploy had errors with the following functions:
	app(us-central1)
[debug] [2022-10-20T02:37:30.209Z] Not printing URL for HTTPS function. Typically this means it didn't match a filter or we failed deployment
[info] i  functions: cleaning up build files... 
[debug] [2022-10-20T02:37:30.210Z] >>> [apiv2][query] DELETE https://artifactregistry.googleapis.com/v1beta2/projects/daystore-bcd8f/locations/us-central1/repositories/gcf-artifacts/packages/app [none]
[debug] [2022-10-20T02:37:30.211Z] >>> [apiv2][query] GET https://us.gcr.io/v2/daystore-bcd8f/gcf/us-central1/tags/list [none]
[debug] [2022-10-20T02:37:30.466Z] <<< [apiv2][status] DELETE https://artifactregistry.googleapis.com/v1beta2/projects/daystore-bcd8f/locations/us-central1/repositories/gcf-artifacts/packages/app 200
[debug] [2022-10-20T02:37:30.466Z] <<< [apiv2][body] DELETE https://artifactregistry.googleapis.com/v1beta2/projects/daystore-bcd8f/locations/us-central1/repositories/gcf-artifacts/packages/app {"name":"projects/daystore-bcd8f/locations/us-central1/operations/d908aa35-ec5f-4473-b40e-97e20e7ffd84","metadata":{"@type":"type.googleapis.com/google.devtools.artifactregistry.v1beta2.OperationMetadata"}}
[debug] [2022-10-20T02:37:30.467Z] >>> [apiv2][query] GET https://artifactregistry.googleapis.com/v1beta2/projects/daystore-bcd8f/locations/us-central1/operations/d908aa35-ec5f-4473-b40e-97e20e7ffd84 [none]
[debug] [2022-10-20T02:37:30.482Z] <<< [apiv2][status] GET https://us.gcr.io/v2/daystore-bcd8f/gcf/us-central1/tags/list 200
[debug] [2022-10-20T02:37:30.483Z] <<< [apiv2][body] GET https://us.gcr.io/v2/daystore-bcd8f/gcf/us-central1/tags/list {"child":[],"manifest":{},"name":"daystore-bcd8f/gcf/us-central1","tags":[]}
[debug] [2022-10-20T02:37:30.483Z] Could not find image for function projects/daystore-bcd8f/locations/us-central1/functions/app
[debug] [2022-10-20T02:37:30.666Z] <<< [apiv2][status] GET https://artifactregistry.googleapis.com/v1beta2/projects/daystore-bcd8f/locations/us-central1/operations/d908aa35-ec5f-4473-b40e-97e20e7ffd84 200
[debug] [2022-10-20T02:37:30.667Z] <<< [apiv2][body] GET https://artifactregistry.googleapis.com/v1beta2/projects/daystore-bcd8f/locations/us-central1/operations/d908aa35-ec5f-4473-b40e-97e20e7ffd84 {"name":"projects/daystore-bcd8f/locations/us-central1/operations/d908aa35-ec5f-4473-b40e-97e20e7ffd84","metadata":{"@type":"type.googleapis.com/google.devtools.artifactregistry.v1beta2.OperationMetadata"},"done":true,"response":{"@type":"type.googleapis.com/google.protobuf.Empty"}}
[debug] [2022-10-20T02:37:30.667Z] Functions deploy failed.
[debug] [2022-10-20T02:37:30.667Z] {
  "endpoint": {
    "id": "app",
    "project": "daystore-bcd8f",
    "region": "us-central1",
    "entryPoint": "app",
    "platform": "gcfv1",
    "runtime": "nodejs16",
    "httpsTrigger": {},
    "serviceAccount": null,
    "ingressSettings": null,
    "availableMemoryMb": null,
    "timeoutSeconds": null,
    "maxInstances": null,
    "minInstances": null,
    "vpc": null,
    "environmentVariables": {
      "FIREBASE_CONFIG": "{\"projectId\":\"daystore-bcd8f\",\"storageBucket\":\"daystore-bcd8f.appspot.com\",\"locationId\":\"us-central\"}",
      "GCLOUD_PROJECT": "daystore-bcd8f"
    },
    "codebase": "default",
    "securityLevel": "SECURE_ALWAYS",
    "targetedByOnly": false,
    "hash": "3ffdd91f3b28c4e7e61ac3f40c54a7c1b7d07840",
    "labels": {
      "deployment-tool": "cli-firebase"
    }
  },
  "op": "update",
  "original": {
    "name": "FirebaseError",
    "children": [],
    "exit": 1,
    "message": "Function failed on loading user code. This is likely due to a bug in the user code. Error message: Error: please examine your function logs to see the error cause: https://cloud.google.com/functions/docs/monitoring/logging#viewing_logs. Additional troubleshooting documentation can be found at https://cloud.google.com/functions/docs/troubleshooting#logging. Please visit https://cloud.google.com/functions/docs/troubleshooting for in-depth troubleshooting documentation.",
    "status": 3
  }
}
[debug] [2022-10-20T02:37:30.786Z] Error: Failed to update function app in region us-central1
    at C:\Users\micam\AppData\Roaming\npm\node_modules\firebase-tools\lib\deploy\functions\release\fabricator.js:41:11
    at processTicksAndRejections (node:internal/process/task_queues:96:5)
    at async Fabricator.updateV1Function (C:\Users\micam\AppData\Roaming\npm\node_modules\firebase-tools\lib\deploy\functions\release\fabricator.js:305:32)
    at async Fabricator.updateEndpoint (C:\Users\micam\AppData\Roaming\npm\node_modules\firebase-tools\lib\deploy\functions\release\fabricator.js:140:13)
    at async handle (C:\Users\micam\AppData\Roaming\npm\node_modules\firebase-tools\lib\deploy\functions\release\fabricator.js:78:17)
[error] 
[error] Error: There was an error deploying functions
